<?xml version="1.0" encoding="UTF-8"?>
<!-- Generated by org.testng.reporters.JUnitXMLReporter -->
<testsuite ignored="1" hostname="DESKTOP-FEOO1RA" failures="0" tests="5" name="mytest-chrome" time="32.423" errors="0" timestamp="2024-09-28T16:57:05 IST">
  <testcase classname="testCases.TC_001_Registration" name="reg" time="0.008"/>
  <testcase classname="testCases.TC_001_Registration" name="sanity" time="0.05"/>
  <testcase classname="testCases.TC_002_TableValidation" name="tableValidation" time="0.016"/>
  <testcase classname="testCases.TC_001_Registration" name="verifyNavigateRegPage" time="8.231"/>
  <testcase classname="testCases.TC_001_Registration" name="verifyAccountReg" time="11.423"/>
  <testcase classname="testBase.BaseClass" name="@BeforeTest setup" time="0.0">
    <ignored/>
  </testcase> <!-- @BeforeTest setup -->
</testsuite> <!-- mytest-chrome -->
